<?xml version="1.0" encoding="UTF-8"?>
<!-- Generated by org.testng.reporters.JUnitXMLReporter -->
<testsuite ignored="7" hostname="sanjeev-HP-241-G1" failures="0" tests="10" name="Test" time="285.652" errors="0" timestamp="2021-11-23T20:44:27 IST">
  <testcase classname="com.mystore.TestCases.LoginPageTest" name="ValidationOfLoginPage" time="9.685"/>
  <testcase classname="com.mystore.TestCases.EndToEndTest" name="EndToEndTesting" time="46.103"/>
  <testcase classname="com.mystore.TestCases.AddToCartPageTest" name="ValidatingAddtocartpage" time="10.684"/>
  <testcase classname="com.mystore.TestCases.SearchResultPageTest" name="CheckingTheProduct" time="3.69"/>
  <testcase classname="com.mystore.TestCases.OrderPageTest" name="ValidateOrderPageTest" time="18.235"/>
  <testcase classname="com.mystore.TestCases.AccountCreationPageTest" name="CreatingAccTest" time="5.084"/>
  <testcase classname="com.mystore.TestCases.IndexPageTest" name="ValidatingTheLogo" time="0.168"/>
  <testcase classname="com.mystore.TestCases.IndexPageTest" name="ValidatingTheTitle" time="0.03"/>
  <testcase classname="com.mystore.TestCases.HomePageTest" name="ValidateMyWishListTest" time="6.506"/>
  <testcase classname="com.mystore.TestCases.HomePageTest" name="ValidateOrderHistoryandDetailsTest" time="9.008"/>
  <testcase classname="com.mystore.Base.BaseClass" name="@BeforeSuite loadconfig" time="0.0">
    <ignored/>
  </testcase> <!-- @BeforeSuite loadconfig -->
  <testcase classname="com.mystore.Base.BaseClass" name="@BeforeSuite loadconfig" time="0.0">
    <ignored/>
  </testcase> <!-- @BeforeSuite loadconfig -->
  <testcase classname="com.mystore.Base.BaseClass" name="@BeforeSuite loadconfig" time="0.0">
    <ignored/>
  </testcase> <!-- @BeforeSuite loadconfig -->
  <testcase classname="com.mystore.Base.BaseClass" name="@BeforeSuite loadconfig" time="0.0">
    <ignored/>
  </testcase> <!-- @BeforeSuite loadconfig -->
  <testcase classname="com.mystore.Base.BaseClass" name="@BeforeSuite loadconfig" time="0.0">
    <ignored/>
  </testcase> <!-- @BeforeSuite loadconfig -->
  <testcase classname="com.mystore.Base.BaseClass" name="@BeforeSuite loadconfig" time="0.0">
    <ignored/>
  </testcase> <!-- @BeforeSuite loadconfig -->
  <testcase classname="com.mystore.Base.BaseClass" name="@BeforeSuite loadconfig" time="0.0">
    <ignored/>
  </testcase> <!-- @BeforeSuite loadconfig -->
</testsuite> <!-- Test -->
